.build/app/intermediates/manifest_merge_blame_file/debug/manifest-merger-blame-debug-report.txt
1<?xml version="1.0" encoding="utf-8"?>
2<manifest xmlns:android="http://schemas.android.com/apk/res/android"
3    package="com.example.calculadora_de_redes"
4    android:versionCode="1"
5    android:versionName="1.0.0" >
6
7    <uses-sdk
8        android:minSdkVersion="16"
9        android:targetSdkVersion="30" />
10    <!--
11         Flutter needs it to communicate with the running application
12         to allow setting breakpoints, to provide hot reload, etc.
13    -->
14    <uses-permission android:name="android.permission.INTERNET" />
14-->src/debug/AndroidManifest.xml:6:5-66
14-->src/debug/AndroidManifest.xml:6:22-64
15    <uses-permission android:name="android.permission.ACCESS_NETWORK_STATE" />
15-->[com.google.android.gms:play-services-measurement:17.6.0] AndroidManifest.xml:24:5-79
15-->[com.google.android.gms:play-services-measurement:17.6.0] AndroidManifest.xml:24:22-76
16    <uses-permission android:name="android.permission.WAKE_LOCK" />
16-->[com.google.android.gms:play-services-measurement:17.6.0] AndroidManifest.xml:25:5-68
16-->[com.google.android.gms:play-services-measurement:17.6.0] AndroidManifest.xml:25:22-65
17    <uses-permission android:name="com.google.android.finsky.permission.BIND_GET_INSTALL_REFERRER_SERVICE" />
17-->[com.google.android.gms:play-services-measurement:17.6.0] AndroidManifest.xml:26:5-110
17-->[com.google.android.gms:play-services-measurement:17.6.0] AndroidManifest.xml:26:22-107
18
19    <application
19-->src/main/AndroidManifest.xml:3:4-48:19
20        android:appComponentFactory="androidx.core.app.CoreComponentFactory"
20-->[androidx.core:core:1.2.0] AndroidManifest.xml:24:18-86
21        android:debuggable="true"
22        android:icon="@mipmap/ic_launcher"
22-->src/main/AndroidManifest.xml:5:9-43
23        android:label="calculadora_de_redes" >
23-->src/main/AndroidManifest.xml:4:9-45
24        <meta-data
24-->src/main/AndroidManifest.xml:8:9-10:69
25            android:name="com.google.android.gms.ads.APPLICATION_ID"
25-->src/main/AndroidManifest.xml:9:13-69
26            android:value="ca-app-pub-3202583667202062~9565836971" />
26-->src/main/AndroidManifest.xml:10:13-67
27
28        <activity
28-->src/main/AndroidManifest.xml:13:9-41:20
29            android:name="com.example.calculadora_de_redes.MainActivity"
29-->src/main/AndroidManifest.xml:14:13-41
30            android:configChanges="orientation|keyboardHidden|keyboard|screenSize|smallestScreenSize|locale|layoutDirection|fontScale|screenLayout|density|uiMode"
30-->src/main/AndroidManifest.xml:17:13-163
31            android:hardwareAccelerated="true"
31-->src/main/AndroidManifest.xml:18:13-47
32            android:launchMode="singleTop"
32-->src/main/AndroidManifest.xml:15:13-43
33            android:theme="@style/LaunchTheme"
33-->src/main/AndroidManifest.xml:16:13-47
34            android:windowSoftInputMode="adjustResize" >
34-->src/main/AndroidManifest.xml:19:13-55
35
36            <!--
37                 Specifies an Android theme to apply to this Activity as soon as
38                 the Android process has started. This theme is visible to the user
39                 while the Flutter UI initializes. After that, this theme continues
40                 to determine the Window background behind the Flutter UI.
41            -->
42            <meta-data
42-->src/main/AndroidManifest.xml:24:13-27:17
43                android:name="io.flutter.embedding.android.NormalTheme"
43-->src/main/AndroidManifest.xml:25:15-70
44                android:resource="@style/NormalTheme" />
44-->src/main/AndroidManifest.xml:26:15-52
45            <!--
46                 Displays an Android View that continues showing the launch screen
47                 Drawable until Flutter paints its first frame, then this splash
48                 screen fades out. A splash screen is useful to avoid any visual
49                 gap between the end of Android's launch screen and the painting of
50                 Flutter's first frame.
51            -->
52            <meta-data
52-->src/main/AndroidManifest.xml:33:13-36:17
53                android:name="io.flutter.embedding.android.SplashScreenDrawable"
53-->src/main/AndroidManifest.xml:34:15-79
54                android:resource="@drawable/launch_background" />
54-->src/main/AndroidManifest.xml:35:15-61
55
56            <intent-filter>
56-->src/main/AndroidManifest.xml:37:13-40:29
57                <action android:name="android.intent.action.MAIN" />
57-->src/main/AndroidManifest.xml:38:17-68
57-->src/main/AndroidManifest.xml:38:25-66
58
59                <category android:name="android.intent.category.LAUNCHER" />
59-->src/main/AndroidManifest.xml:39:17-76
59-->src/main/AndroidManifest.xml:39:27-74
60            </intent-filter>
61        </activity>
62        <!--
63             Don't delete the meta-data below.
64             This is used by the Flutter tool to generate GeneratedPluginRegistrant.java
65        -->
66        <meta-data
66-->src/main/AndroidManifest.xml:44:9-46:33
67            android:name="flutterEmbedding"
67-->src/main/AndroidManifest.xml:45:13-44
68            android:value="2" />
68-->src/main/AndroidManifest.xml:46:13-30
69
70        <service
70-->[:firebase_core] AndroidManifest.xml:8:9-12:19
71            android:name="com.google.firebase.components.ComponentDiscoveryService"
71-->[:firebase_core] AndroidManifest.xml:8:18-89
72            android:directBootAware="true"
72-->[com.google.firebase:firebase-common:19.3.0] AndroidManifest.xml:34:13-43
73            android:exported="false" >
73-->[com.google.android.gms:play-services-measurement-api:17.6.0] AndroidManifest.xml:29:13-37
74            <meta-data
74-->[:firebase_core] AndroidManifest.xml:9:13-11:85
75                android:name="com.google.firebase.components:io.flutter.plugins.firebase.core.FlutterFirebaseCoreRegistrar"
75-->[:firebase_core] AndroidManifest.xml:10:17-124
76                android:value="com.google.firebase.components.ComponentRegistrar" />
76-->[:firebase_core] AndroidManifest.xml:11:17-82
77            <meta-data
77-->[com.google.android.gms:play-services-measurement-api:17.6.0] AndroidManifest.xml:30:13-32:85
78                android:name="com.google.firebase.components:com.google.firebase.analytics.connector.internal.AnalyticsConnectorRegistrar"
78-->[com.google.android.gms:play-services-measurement-api:17.6.0] AndroidManifest.xml:31:17-139
79                android:value="com.google.firebase.components.ComponentRegistrar" />
79-->[com.google.android.gms:play-services-measurement-api:17.6.0] AndroidManifest.xml:32:17-82
80            <meta-data
80-->[com.google.firebase:firebase-installations:16.3.2] AndroidManifest.xml:17:13-19:85
81                android:name="com.google.firebase.components:com.google.firebase.installations.FirebaseInstallationsRegistrar"
81-->[com.google.firebase:firebase-installations:16.3.2] AndroidManifest.xml:18:17-127
82                android:value="com.google.firebase.components.ComponentRegistrar" />
82-->[com.google.firebase:firebase-installations:16.3.2] AndroidManifest.xml:19:17-82
83        </service>
84
85        <receiver
85-->[com.google.android.gms:play-services-measurement:17.6.0] AndroidManifest.xml:29:9-33:20
86            android:name="com.google.android.gms.measurement.AppMeasurementReceiver"
86-->[com.google.android.gms:play-services-measurement:17.6.0] AndroidManifest.xml:30:13-85
87            android:enabled="true"
87-->[com.google.android.gms:play-services-measurement:17.6.0] AndroidManifest.xml:31:13-35
88            android:exported="false" >
88-->[com.google.android.gms:play-services-measurement:17.6.0] AndroidManifest.xml:32:13-37
89        </receiver>
90
91        <service
91-->[com.google.android.gms:play-services-measurement:17.6.0] AndroidManifest.xml:35:9-38:40
92            android:name="com.google.android.gms.measurement.AppMeasurementService"
92-->[com.google.android.gms:play-services-measurement:17.6.0] AndroidManifest.xml:36:13-84
93            android:enabled="true"
93-->[com.google.android.gms:play-services-measurement:17.6.0] AndroidManifest.xml:37:13-35
94            android:exported="false" />
94-->[com.google.android.gms:play-services-measurement:17.6.0] AndroidManifest.xml:38:13-37
95        <service
95-->[com.google.android.gms:play-services-measurement:17.6.0] AndroidManifest.xml:39:9-43:72
96            android:name="com.google.android.gms.measurement.AppMeasurementJobService"
96-->[com.google.android.gms:play-services-measurement:17.6.0] AndroidManifest.xml:40:13-87
97            android:enabled="true"
97-->[com.google.android.gms:play-services-measurement:17.6.0] AndroidManifest.xml:41:13-35
98            android:exported="false"
98-->[com.google.android.gms:play-services-measurement:17.6.0] AndroidManifest.xml:42:13-37
99            android:permission="android.permission.BIND_JOB_SERVICE" /> <!-- Include the AdActivity and InAppPurchaseActivity configChanges and themes. -->
99-->[com.google.android.gms:play-services-measurement:17.6.0] AndroidManifest.xml:43:13-69
100        <activity
100-->[com.google.android.gms:play-services-ads-lite:19.4.0] AndroidManifest.xml:29:9-33:64
101            android:name="com.google.android.gms.ads.AdActivity"
101-->[com.google.android.gms:play-services-ads-lite:19.4.0] AndroidManifest.xml:30:13-65
102            android:configChanges="keyboard|keyboardHidden|orientation|screenLayout|uiMode|screenSize|smallestScreenSize"
102-->[com.google.android.gms:play-services-ads-lite:19.4.0] AndroidManifest.xml:31:13-122
103            android:exported="false"
103-->[com.google.android.gms:play-services-ads-lite:19.4.0] AndroidManifest.xml:32:13-37
104            android:theme="@android:style/Theme.Translucent" />
104-->[com.google.android.gms:play-services-ads-lite:19.4.0] AndroidManifest.xml:33:13-61
105
106        <provider
106-->[com.google.android.gms:play-services-ads-lite:19.4.0] AndroidManifest.xml:35:9-39:39
107            android:name="com.google.android.gms.ads.MobileAdsInitProvider"
107-->[com.google.android.gms:play-services-ads-lite:19.4.0] AndroidManifest.xml:36:13-76
108            android:authorities="com.example.calculadora_de_redes.mobileadsinitprovider"
108-->[com.google.android.gms:play-services-ads-lite:19.4.0] AndroidManifest.xml:37:13-73
109            android:exported="false"
109-->[com.google.android.gms:play-services-ads-lite:19.4.0] AndroidManifest.xml:38:13-37
110            android:initOrder="100" />
110-->[com.google.android.gms:play-services-ads-lite:19.4.0] AndroidManifest.xml:39:13-36
111
112        <service
112-->[com.google.android.gms:play-services-ads-lite:19.4.0] AndroidManifest.xml:41:9-44:40
113            android:name="com.google.android.gms.ads.AdService"
113-->[com.google.android.gms:play-services-ads-lite:19.4.0] AndroidManifest.xml:42:13-64
114            android:enabled="true"
114-->[com.google.android.gms:play-services-ads-lite:19.4.0] AndroidManifest.xml:43:13-35
115            android:exported="false" />
115-->[com.google.android.gms:play-services-ads-lite:19.4.0] AndroidManifest.xml:44:13-37
116
117        <provider
117-->[com.google.firebase:firebase-common:19.3.0] AndroidManifest.xml:26:9-30:39
118            android:name="com.google.firebase.provider.FirebaseInitProvider"
118-->[com.google.firebase:firebase-common:19.3.0] AndroidManifest.xml:27:13-77
119            android:authorities="com.example.calculadora_de_redes.firebaseinitprovider"
119-->[com.google.firebase:firebase-common:19.3.0] AndroidManifest.xml:28:13-72
120            android:exported="false"
120-->[com.google.firebase:firebase-common:19.3.0] AndroidManifest.xml:29:13-37
121            android:initOrder="100" />
121-->[com.google.firebase:firebase-common:19.3.0] AndroidManifest.xml:30:13-36
122
123        <meta-data
123-->[com.google.android.gms:play-services-basement:17.3.0] AndroidManifest.xml:23:9-25:69
124            android:name="com.google.android.gms.version"
124-->[com.google.android.gms:play-services-basement:17.3.0] AndroidManifest.xml:24:13-58
125            android:value="@integer/google_play_services_version" />
125-->[com.google.android.gms:play-services-basement:17.3.0] AndroidManifest.xml:25:13-66
126    </application>
127
128</manifest>